2025-12-30 19:49:46 [WARNING]  - 8486
2025-12-30 19:49:46 [INFO]  - 22421
2025-12-30 19:49:46 [ERROR] Out of memory - 15595
2025-12-30 19:49:46 [DEBUG]  - 26554
2025-12-30 19:49:46 [DEBUG]  - 13723
2025-12-30 19:49:46 [DEBUG]  - 21447
2025-12-30 19:49:46 [INFO]  - 25471
2025-12-30 19:49:46 [DEBUG]  - 5108
2025-12-30 19:49:46 [CRITICAL]  - 1599
2025-12-30 19:49:46 [ERROR] Segmentation fault - 22612
2025-12-30 19:49:46 [DEBUG]  - 31458
2025-12-30 19:49:46 [WARNING]  - 15375
2025-12-30 19:49:46 [WARNING]  - 933
2025-12-30 19:49:46 [ERROR] Disk full - 2021
2025-12-30 19:49:46 [ERROR] Failed to connect - 3196
2025-12-30 19:49:46 [CRITICAL]  - 30846
2025-12-30 19:49:46 [DEBUG]  - 4918
2025-12-30 19:49:46 [INFO]  - 634
2025-12-30 19:49:46 [WARNING]  - 11238
2025-12-30 19:49:46 [DEBUG]  - 4109
2025-12-30 19:49:46 [CRITICAL]  - 16401
2025-12-30 19:49:46 [CRITICAL]  - 15069
2025-12-30 19:49:46 [DEBUG]  - 23293
2025-12-30 19:49:46 [WARNING]  - 25389
2025-12-30 19:49:46 [CRITICAL]  - 9294
2025-12-30 19:49:46 [CRITICAL]  - 28161
2025-12-30 19:49:46 [ERROR] Failed to connect - 8321
2025-12-30 19:49:46 [INFO]  - 22575
2025-12-30 19:49:46 [INFO]  - 30977
2025-12-30 19:49:46 [WARNING]  - 4930
2025-12-30 19:49:46 [ERROR] Disk full - 6318
2025-12-30 19:49:46 [WARNING]  - 3697
2025-12-30 19:49:46 [ERROR] Disk full - 9911
2025-12-30 19:49:46 [INFO]  - 2806
2025-12-30 19:49:46 [INFO]  - 21255
2025-12-30 19:49:46 [WARNING]  - 5627
2025-12-30 19:49:46 [DEBUG]  - 6583
2025-12-30 19:49:46 [DEBUG]  - 1895
2025-12-30 19:49:46 [ERROR] Out of memory - 28118
2025-12-30 19:49:46 [DEBUG]  - 7185
2025-12-30 19:49:46 [DEBUG]  - 32404
2025-12-30 19:49:46 [ERROR] Segmentation fault - 11061
2025-12-30 19:49:46 [CRITICAL]  - 5008
2025-12-30 19:49:46 [WARNING]  - 3686
2025-12-30 19:49:46 [DEBUG]  - 3212
2025-12-30 19:49:46 [INFO]  - 7068
2025-12-30 19:49:46 [INFO]  - 12417
2025-12-30 19:49:46 [WARNING]  - 7262
2025-12-30 19:49:46 [ERROR] Disk full - 23491
2025-12-30 19:49:46 [ERROR] Segmentation fault - 30789
2025-12-30 19:49:46 [CRITICAL]  - 2775
2025-12-30 19:49:46 [WARNING]  - 18384
2025-12-30 19:49:46 [ERROR] Out of memory - 23965
2025-12-30 19:49:46 [ERROR] Out of memory - 10325
2025-12-30 19:49:46 [INFO]  - 26531
2025-12-30 19:49:46 [WARNING]  - 15948
2025-12-30 19:49:46 [INFO]  - 19501
2025-12-30 19:49:46 [ERROR] Out of memory - 29147
2025-12-30 19:49:46 [CRITICAL]  - 6483
2025-12-30 19:49:46 [CRITICAL]  - 25321
2025-12-30 19:49:46 [INFO]  - 11531
2025-12-30 19:49:46 [WARNING]  - 15407
2025-12-30 19:49:46 [ERROR] Disk full - 17363
2025-12-30 19:49:46 [INFO]  - 19986
2025-12-30 19:49:46 [DEBUG]  - 24925
2025-12-30 19:49:46 [ERROR] Disk full - 249
2025-12-30 19:49:46 [DEBUG]  - 7574
2025-12-30 19:49:46 [WARNING]  - 21052
2025-12-30 19:49:46 [INFO]  - 2811
2025-12-30 19:49:46 [WARNING]  - 19211
2025-12-30 19:49:46 [WARNING]  - 29849
2025-12-30 19:49:46 [INFO]  - 22254
2025-12-30 19:49:46 [CRITICAL]  - 18760
2025-12-30 19:49:46 [ERROR] Invalid input - 6986
2025-12-30 19:49:46 [INFO]  - 25328
2025-12-30 19:49:46 [ERROR] Failed to connect - 23161
2025-12-30 19:49:46 [CRITICAL]  - 12052
2025-12-30 19:49:46 [DEBUG]  - 6357
2025-12-30 19:49:46 [CRITICAL]  - 31837
2025-12-30 19:49:46 [DEBUG]  - 18471
2025-12-30 19:49:46 [WARNING]  - 26080
2025-12-30 19:49:46 [ERROR] Out of memory - 12428
2025-12-30 19:49:46 [ERROR] Segmentation fault - 28330
2025-12-30 19:49:46 [INFO]  - 31696
2025-12-30 19:49:46 [ERROR] Out of memory - 27720
2025-12-30 19:49:46 [INFO]  - 23058
2025-12-30 19:49:46 [WARNING]  - 15685
2025-12-30 19:49:46 [CRITICAL]  - 7767
2025-12-30 19:49:46 [DEBUG]  - 7981
2025-12-30 19:49:46 [WARNING]  - 31691
2025-12-30 19:49:46 [DEBUG]  - 31346
2025-12-30 19:49:46 [INFO]  - 3575
2025-12-30 19:49:46 [INFO]  - 6662
2025-12-30 19:49:46 [DEBUG]  - 969
2025-12-30 19:49:46 [DEBUG]  - 16501
2025-12-30 19:49:46 [INFO]  - 3709
2025-12-30 19:49:46 [DEBUG]  - 12474
2025-12-30 19:49:46 [INFO]  - 20080
2025-12-30 19:49:46 [CRITICAL]  - 29768
2025-12-30 19:49:46 [DEBUG]  - 17496
